<?xml version="1.0" encoding="UTF-8"?>
<!-- Generated by org.testng.reporters.JUnitXMLReporter -->
<testsuite hostname="Bharat" name="Test Maven Suite" tests="10" failures="1" timestamp="23 Mar 2019 21:55:20 GMT" time="21.62" errors="0">
  <testcase name="diff" time="0.012" classname="com.qa.tests.DemoTest1"/>
  <testcase name="div" time="0.0" classname="com.qa.tests.DemoTest1"/>
  <testcase name="mult" time="0.0" classname="com.qa.tests.DemoTest1"/>
  <testcase name="sum" time="0.0" classname="com.qa.tests.DemoTest1"/>
  <testcase name="diff" time="0.001" classname="com.qa.tests.DemoTestTestNGclass"/>
  <testcase name="div" time="0.0" classname="com.qa.tests.DemoTestTestNGclass"/>
  <testcase name="mult" time="0.001" classname="com.qa.tests.DemoTestTestNGclass"/>
  <testcase name="sum" time="0.0" classname="com.qa.tests.DemoTestTestNGclass"/>
  <testcase name="validateTitle" time="0.303" classname="com.qa.tests.Log4jDemo"/>
  <testcase name="LoginClick" time="4.182" classname="com.qa.tests.Log4jDemo">
    <failure type="java.lang.AssertionError" message="expected [Cogmento CRM] but found [CRM]">
      <![CDATA[java.lang.AssertionError: expected [Cogmento CRM] but found [CRM]
	at com.qa.tests.Log4jDemo.LoginClick(Log4jDemo.java:72)
... Removed 32 stack frames]]>
    </failure>
  </testcase> <!-- LoginClick -->
</testsuite> <!-- Test Maven Suite -->
